#
# There is insufficient memory for the Java Runtime Environment to continue.
# Native memory allocation (malloc) failed to allocate 119440 bytes. Error detail: Chunk::new
# Possible reasons:
#   The system is out of physical RAM or swap space
#   This process is running with CompressedOops enabled, and the Java Heap may be blocking the growth of the native heap
# Possible solutions:
#   Reduce memory load on the system
#   Increase physical memory or swap space
#   Check if swap backing store is full
#   Decrease Java heap size (-Xmx/-Xms)
#   Decrease number of Java threads
#   Decrease Java thread stack sizes (-Xss)
#   Set larger code cache with -XX:ReservedCodeCacheSize=
#   JVM is running with Unscaled Compressed Oops mode in which the Java heap is
#     placed in the first 4GB address space. The Java Heap base address is the
#     maximum limit for the native heap growth. Please use -XX:HeapBaseMinAddress
#     to set the Java Heap base and to place the Java Heap above 4GB virtual address.
# This output file may be truncated or incomplete.
#
#  Out of Memory Error (arena.cpp:168), pid=1564, tid=6480
#
# JRE version: OpenJDK Runtime Environment (21.0.10) (build 21.0.10+-14961533-b1163.108)
# Java VM: OpenJDK 64-Bit Server VM (21.0.10+-14961533-b1163.108, mixed mode, tiered, compressed oops, compressed class ptrs, g1 gc, windows-amd64)
# No core dump will be written. Minidumps are not enabled by default on client versions of Windows
#

---------------  S U M M A R Y ------------

Command Line: --add-opens=java.base/java.util=ALL-UNNAMED --add-opens=java.base/java.lang=ALL-UNNAMED --add-opens=java.base/java.lang.invoke=ALL-UNNAMED --add-opens=java.prefs/java.util.prefs=ALL-UNNAMED --add-exports=jdk.compiler/com.sun.tools.javac.api=ALL-UNNAMED --add-exports=jdk.compiler/com.sun.tools.javac.util=ALL-UNNAMED --add-opens=java.base/java.nio.charset=ALL-UNNAMED --add-opens=java.base/java.net=ALL-UNNAMED --add-opens=java.base/java.util.concurrent.atomic=ALL-UNNAMED -Xmx2048m -Dfile.encoding=UTF-8 -Duser.country=MX -Duser.language=es -Duser.variant -javaagent:C:\Users\charl\.gradle\wrapper\dists\gradle-8.9-bin\90cnw93cvbtalezasaz0blq0a\gradle-8.9\lib\agents\gradle-instrumentation-agent-8.9.jar -Xmx512m -Xms128m org.gradle.launcher.daemon.bootstrap.GradleDaemon 8.9

Host: Intel(R) Pentium(R) CPU 5405U @ 2.30GHz, 4 cores, 2G,  Windows 11 , 64 bit Build 26100 (10.0.26100.7705)
Time: Tue Jun  9 15:44:32 2026 Hora estándar central (México) elapsed time: 21.553684 seconds (0d 0h 0m 21s)

---------------  T H R E A D  ---------------

Current thread (0x00000209aec26950):  JavaThread "C2 CompilerThread0" daemon [_thread_in_native, id=6480, stack(0x0000002649c00000,0x0000002649d00000) (1024K)]


Current CompileTask:
C2:21554 2897   !   4       sun.nio.ch.FileChannelImpl::read (288 bytes)

Stack: [0x0000002649c00000,0x0000002649d00000]
Native frames: (J=compiled Java code, j=interpreted, Vv=VM code, C=native code)
V  [jvm.dll+0x6d78a9]
V  [jvm.dll+0x8665b3]
V  [jvm.dll+0x868bde]
V  [jvm.dll+0x8692c3]
V  [jvm.dll+0x280ee6]
V  [jvm.dll+0xc07cd]
V  [jvm.dll+0xc0d03]
V  [jvm.dll+0x13cacf]
V  [jvm.dll+0x6681a5]
V  [jvm.dll+0x6666fe]
V  [jvm.dll+0x249a4f]
V  [jvm.dll+0x2491a1]
V  [jvm.dll+0x1c76e4]
V  [jvm.dll+0x25891e]
V  [jvm.dll+0x256e66]
V  [jvm.dll+0x3f513e]
V  [jvm.dll+0x80fd28]
V  [jvm.dll+0x6d60fd]
C  [ucrtbase.dll+0x37b0]
C  [KERNEL32.DLL+0x2e8d7]
C  [ntdll.dll+0x8c40c]


---------------  P R O C E S S  ---------------

Threads class SMR info:
_java_thread_list=0x00000209aec654d0, length=24, elements={
0x0000020997644ec0, 0x00000209aebfc430, 0x00000209aec15070, 0x00000209aec1dae0,
0x00000209aec1f290, 0x00000209aec1fcf0, 0x00000209aec20750, 0x00000209aec39690,
0x00000209aec26950, 0x00000209aec273f0, 0x00000209aeef3220, 0x00000209b3fe7a70,
0x00000209b3ff4770, 0x00000209b4e014b0, 0x00000209b4e08b40, 0x00000209aeed1040,
0x00000209b3b12550, 0x00000209b3a3e920, 0x00000209aee0e0f0, 0x00000209aee0e780,
0x00000209aee0d3d0, 0x00000209aee0ee10, 0x00000209aee0c020, 0x00000209aee0da60
}

Java Threads: ( => current thread )
  0x0000020997644ec0 JavaThread "main"                              [_thread_blocked, id=10728, stack(0x0000002648d00000,0x0000002648e00000) (1024K)]
  0x00000209aebfc430 JavaThread "Common-Cleaner"             daemon [_thread_blocked, id=4484, stack(0x0000002649500000,0x0000002649600000) (1024K)]
  0x00000209aec15070 JavaThread "Reference Handler"          daemon [_thread_blocked, id=4376, stack(0x0000002649600000,0x0000002649700000) (1024K)]
  0x00000209aec1dae0 JavaThread "Finalizer"                  daemon [_thread_blocked, id=6900, stack(0x0000002649700000,0x0000002649800000) (1024K)]
  0x00000209aec1f290 JavaThread "Signal Dispatcher"          daemon [_thread_blocked, id=8664, stack(0x0000002649800000,0x0000002649900000) (1024K)]
  0x00000209aec1fcf0 JavaThread "Attach Listener"            daemon [_thread_blocked, id=6348, stack(0x0000002649900000,0x0000002649a00000) (1024K)]
  0x00000209aec20750 JavaThread "Service Thread"             daemon [_thread_blocked, id=5476, stack(0x0000002649a00000,0x0000002649b00000) (1024K)]
  0x00000209aec39690 JavaThread "Monitor Deflation Thread"   daemon [_thread_blocked, id=6420, stack(0x0000002649b00000,0x0000002649c00000) (1024K)]
=>0x00000209aec26950 JavaThread "C2 CompilerThread0"         daemon [_thread_in_native, id=6480, stack(0x0000002649c00000,0x0000002649d00000) (1024K)]
  0x00000209aec273f0 JavaThread "C1 CompilerThread0"         daemon [_thread_blocked, id=916, stack(0x0000002649d00000,0x0000002649e00000) (1024K)]
  0x00000209aeef3220 JavaThread "Notification Thread"        daemon [_thread_blocked, id=10756, stack(0x0000002649e00000,0x0000002649f00000) (1024K)]
  0x00000209b3fe7a70 JavaThread "Daemon health stats"               [_thread_blocked, id=10652, stack(0x000000264a200000,0x000000264a300000) (1024K)]
  0x00000209b3ff4770 JavaThread "Incoming local TCP Connector on port 58021"        [_thread_in_native, id=9176, stack(0x000000264a300000,0x000000264a400000) (1024K)]
  0x00000209b4e014b0 JavaThread "Daemon periodic checks"            [_thread_blocked, id=3704, stack(0x000000264a400000,0x000000264a500000) (1024K)]
  0x00000209b4e08b40 JavaThread "Daemon"                            [_thread_blocked, id=9160, stack(0x000000264a500000,0x000000264a600000) (1024K)]
  0x00000209aeed1040 JavaThread "Handler for socket connection from /127.0.0.1:58021 to /127.0.0.1:58022"        [_thread_in_native, id=5460, stack(0x000000264a600000,0x000000264a700000) (1024K)]
  0x00000209b3b12550 JavaThread "Cancel handler"                    [_thread_blocked, id=6280, stack(0x000000264a700000,0x000000264a800000) (1024K)]
  0x00000209b3a3e920 JavaThread "Daemon worker"                     [_thread_blocked, id=9268, stack(0x000000264a800000,0x000000264a900000) (1024K)]
  0x00000209aee0e0f0 JavaThread "Asynchronous log dispatcher for DefaultDaemonConnection: socket connection from /127.0.0.1:58021 to /127.0.0.1:58022"        [_thread_blocked, id=10896, stack(0x000000264a900000,0x000000264aa00000) (1024K)]
  0x00000209aee0e780 JavaThread "Stdin handler"                     [_thread_blocked, id=11584, stack(0x000000264aa00000,0x000000264ab00000) (1024K)]
  0x00000209aee0d3d0 JavaThread "Daemon client event forwarder"        [_thread_blocked, id=5004, stack(0x000000264ab00000,0x000000264ac00000) (1024K)]
  0x00000209aee0ee10 JavaThread "Cache worker for journal cache (C:\Users\charl\.gradle\caches\journal-1)"        [_thread_blocked, id=5316, stack(0x000000264ac00000,0x000000264ad00000) (1024K)]
  0x00000209aee0c020 JavaThread "File lock request listener"        [_thread_in_native, id=6796, stack(0x000000264ad00000,0x000000264ae00000) (1024K)]
  0x00000209aee0da60 JavaThread "Cache worker for file hash cache (C:\Users\charl\.gradle\caches\8.9\fileHashes)"        [_thread_blocked, id=6808, stack(0x000000264ae00000,0x000000264af00000) (1024K)]
Total: 24

Other Threads:
  0x00000209aea3cd40 VMThread "VM Thread"                           [id=11484, stack(0x0000002649400000,0x0000002649500000) (1024K)]
  0x00000209ae9f4ee0 WatcherThread "VM Periodic Task Thread"        [id=11184, stack(0x0000002649300000,0x0000002649400000) (1024K)]
  0x0000020999a46af0 WorkerThread "GC Thread#0"                     [id=6452, stack(0x0000002648e00000,0x0000002648f00000) (1024K)]
  0x00000209b30a8cc0 WorkerThread "GC Thread#1"                     [id=656, stack(0x0000002649f00000,0x000000264a000000) (1024K)]
  0x00000209b30a9070 WorkerThread "GC Thread#2"                     [id=10088, stack(0x000000264a000000,0x000000264a100000) (1024K)]
  0x00000209b31cc120 WorkerThread "GC Thread#3"                     [id=11404, stack(0x000000264a100000,0x000000264a200000) (1024K)]
  0x0000020999a4cfd0 ConcurrentGCThread "G1 Main Marker"            [id=11300, stack(0x0000002648f00000,0x0000002649000000) (1024K)]
  0x0000020999a4d9f0 WorkerThread "G1 Conc#0"                       [id=10488, stack(0x0000002649000000,0x0000002649100000) (1024K)]
  0x0000020999add740 ConcurrentGCThread "G1 Refine#0"               [id=11320, stack(0x0000002649100000,0x0000002649200000) (1024K)]
  0x0000020999ade070 ConcurrentGCThread "G1 Service"                [id=8536, stack(0x0000002649200000,0x0000002649300000) (1024K)]
Total: 10

Threads with active compile tasks:
C2 CompilerThread0  21653 2897   !   4       sun.nio.ch.FileChannelImpl::read (288 bytes)
Total: 1

VM state: not at safepoint (normal execution)

VM Mutex/Monitor currently owned by a thread: None

Heap address: 0x00000000e0000000, size: 512 MB, Compressed Oops mode: 32-bit

CDS archive(s) not mapped
Compressed class space mapped at: 0x0000000100000000-0x0000000140000000, reserved size: 1073741824
Narrow klass base: 0x0000000000000000, Narrow klass shift: 3, Narrow klass range: 0x140000000

GC Precious Log:
 CardTable entry size: 512
 Card Set container configuration: InlinePtr #cards 5 size 8 Array Of Cards #cards 12 size 40 Howl #buckets 4 coarsen threshold 1843 Howl Bitmap #cards 512 size 80 coarsen threshold 460 Card regions per heap region 1 cards per card region 2048
 CPUs: 4 total, 4 available
 Memory: 2208M
 Large Page Support: Disabled
 NUMA Support: Disabled
 Compressed Oops: Enabled (32-bit)
 Heap Region Size: 1M
 Heap Min Capacity: 128M
 Heap Initial Capacity: 128M
 Heap Max Capacity: 512M
 Pre-touch: Disabled
 Parallel Workers: 4
 Concurrent Workers: 1
 Concurrent Refinement Workers: 4
 Periodic GC: Disabled

Heap:
 garbage-first heap   total 131072K, used 42279K [0x00000000e0000000, 0x0000000100000000)
  region size 1024K, 33 young (33792K), 10 survivors (10240K)
 Metaspace       used 25635K, committed 26048K, reserved 1114112K
  class space    used 3190K, committed 3392K, reserved 1048576K

Heap Regions: E=young(eden), S=young(survivor), O=old, HS=humongous(starts), HC=humongous(continues), CS=collection set, F=free, TAMS=top-at-mark-start, PB=parsable bottom
|   0|0x00000000e0000000, 0x00000000e0100000, 0x00000000e0100000|100%|HS|  |TAMS 0x00000000e0000000| PB 0x00000000e0000000| Complete 
|   1|0x00000000e0100000, 0x00000000e0200000, 0x00000000e0200000|100%|HC|  |TAMS 0x00000000e0100000| PB 0x00000000e0100000| Complete 
|   2|0x00000000e0200000, 0x00000000e0300000, 0x00000000e0300000|100%|HC|  |TAMS 0x00000000e0200000| PB 0x00000000e0200000| Complete 
|   3|0x00000000e0300000, 0x00000000e0400000, 0x00000000e0400000|100%|HC|  |TAMS 0x00000000e0300000| PB 0x00000000e0300000| Complete 
|   4|0x00000000e0400000, 0x00000000e0500000, 0x00000000e0500000|100%| O|  |TAMS 0x00000000e0400000| PB 0x00000000e0400000| Untracked 
|   5|0x00000000e0500000, 0x00000000e0600000, 0x00000000e0600000|100%| O|  |TAMS 0x00000000e0500000| PB 0x00000000e0500000| Untracked 
|   6|0x00000000e0600000, 0x00000000e0700000, 0x00000000e0700000|100%| O|  |TAMS 0x00000000e0600000| PB 0x00000000e0600000| Untracked 
|   7|0x00000000e0700000, 0x00000000e0800000, 0x00000000e0800000|100%|HS|  |TAMS 0x00000000e0700000| PB 0x00000000e0700000| Complete 
|   8|0x00000000e0800000, 0x00000000e0800000, 0x00000000e0900000|  0%| F|  |TAMS 0x00000000e0800000| PB 0x00000000e0800000| Untracked 
|   9|0x00000000e0900000, 0x00000000e0a00000, 0x00000000e0a00000|100%| O|  |TAMS 0x00000000e0900000| PB 0x00000000e0900000| Untracked 
|  10|0x00000000e0a00000, 0x00000000e0b00000, 0x00000000e0b00000|100%| O|  |TAMS 0x00000000e0a00000| PB 0x00000000e0a00000| Untracked 
|  11|0x00000000e0b00000, 0x00000000e0b49f00, 0x00000000e0c00000| 28%| O|  |TAMS 0x00000000e0b00000| PB 0x00000000e0b00000| Untracked 
|  12|0x00000000e0c00000, 0x00000000e0c00000, 0x00000000e0d00000|  0%| F|  |TAMS 0x00000000e0c00000| PB 0x00000000e0c00000| Untracked 
|  13|0x00000000e0d00000, 0x00000000e0d00000, 0x00000000e0e00000|  0%| F|  |TAMS 0x00000000e0d00000| PB 0x00000000e0d00000| Untracked 
|  14|0x00000000e0e00000, 0x00000000e0e00000, 0x00000000e0f00000|  0%| F|  |TAMS 0x00000000e0e00000| PB 0x00000000e0e00000| Untracked 
|  15|0x00000000e0f00000, 0x00000000e0f00000, 0x00000000e1000000|  0%| F|  |TAMS 0x00000000e0f00000| PB 0x00000000e0f00000| Untracked 
|  16|0x00000000e1000000, 0x00000000e1000000, 0x00000000e1100000|  0%| F|  |TAMS 0x00000000e1000000| PB 0x00000000e1000000| Untracked 
|  17|0x00000000e1100000, 0x00000000e1100000, 0x00000000e1200000|  0%| F|  |TAMS 0x00000000e1100000| PB 0x00000000e1100000| Untracked 
|  18|0x00000000e1200000, 0x00000000e1200000, 0x00000000e1300000|  0%| F|  |TAMS 0x00000000e1200000| PB 0x00000000e1200000| Untracked 
|  19|0x00000000e1300000, 0x00000000e1300000, 0x00000000e1400000|  0%| F|  |TAMS 0x00000000e1300000| PB 0x00000000e1300000| Untracked 
|  20|0x00000000e1400000, 0x00000000e1400000, 0x00000000e1500000|  0%| F|  |TAMS 0x00000000e1400000| PB 0x00000000e1400000| Untracked 
|  21|0x00000000e1500000, 0x00000000e1500000, 0x00000000e1600000|  0%| F|  |TAMS 0x00000000e1500000| PB 0x00000000e1500000| Untracked 
|  22|0x00000000e1600000, 0x00000000e1600000, 0x00000000e1700000|  0%| F|  |TAMS 0x00000000e1600000| PB 0x00000000e1600000| Untracked 
|  23|0x00000000e1700000, 0x00000000e1700000, 0x00000000e1800000|  0%| F|  |TAMS 0x00000000e1700000| PB 0x00000000e1700000| Untracked 
|  24|0x00000000e1800000, 0x00000000e1800000, 0x00000000e1900000|  0%| F|  |TAMS 0x00000000e1800000| PB 0x00000000e1800000| Untracked 
|  25|0x00000000e1900000, 0x00000000e1900000, 0x00000000e1a00000|  0%| F|  |TAMS 0x00000000e1900000| PB 0x00000000e1900000| Untracked 
|  26|0x00000000e1a00000, 0x00000000e1a00000, 0x00000000e1b00000|  0%| F|  |TAMS 0x00000000e1a00000| PB 0x00000000e1a00000| Untracked 
|  27|0x00000000e1b00000, 0x00000000e1b00000, 0x00000000e1c00000|  0%| F|  |TAMS 0x00000000e1b00000| PB 0x00000000e1b00000| Untracked 
|  28|0x00000000e1c00000, 0x00000000e1c00000, 0x00000000e1d00000|  0%| F|  |TAMS 0x00000000e1c00000| PB 0x00000000e1c00000| Untracked 
|  29|0x00000000e1d00000, 0x00000000e1d00000, 0x00000000e1e00000|  0%| F|  |TAMS 0x00000000e1d00000| PB 0x00000000e1d00000| Untracked 
|  30|0x00000000e1e00000, 0x00000000e1e00000, 0x00000000e1f00000|  0%| F|  |TAMS 0x00000000e1e00000| PB 0x00000000e1e00000| Untracked 
|  31|0x00000000e1f00000, 0x00000000e1f00000, 0x00000000e2000000|  0%| F|  |TAMS 0x00000000e1f00000| PB 0x00000000e1f00000| Untracked 
|  32|0x00000000e2000000, 0x00000000e2000000, 0x00000000e2100000|  0%| F|  |TAMS 0x00000000e2000000| PB 0x00000000e2000000| Untracked 
|  33|0x00000000e2100000, 0x00000000e2100000, 0x00000000e2200000|  0%| F|  |TAMS 0x00000000e2100000| PB 0x00000000e2100000| Untracked 
|  34|0x00000000e2200000, 0x00000000e2200000, 0x00000000e2300000|  0%| F|  |TAMS 0x00000000e2200000| PB 0x00000000e2200000| Untracked 
|  35|0x00000000e2300000, 0x00000000e2300000, 0x00000000e2400000|  0%| F|  |TAMS 0x00000000e2300000| PB 0x00000000e2300000| Untracked 
|  36|0x00000000e2400000, 0x00000000e2400000, 0x00000000e2500000|  0%| F|  |TAMS 0x00000000e2400000| PB 0x00000000e2400000| Untracked 
|  37|0x00000000e2500000, 0x00000000e2500000, 0x00000000e2600000|  0%| F|  |TAMS 0x00000000e2500000| PB 0x00000000e2500000| Untracked 
|  38|0x00000000e2600000, 0x00000000e2600000, 0x00000000e2700000|  0%| F|  |TAMS 0x00000000e2600000| PB 0x00000000e2600000| Untracked 
|  39|0x00000000e2700000, 0x00000000e2700000, 0x00000000e2800000|  0%| F|  |TAMS 0x00000000e2700000| PB 0x00000000e2700000| Untracked 
|  40|0x00000000e2800000, 0x00000000e2800000, 0x00000000e2900000|  0%| F|  |TAMS 0x00000000e2800000| PB 0x00000000e2800000| Untracked 
|  41|0x00000000e2900000, 0x00000000e2900000, 0x00000000e2a00000|  0%| F|  |TAMS 0x00000000e2900000| PB 0x00000000e2900000| Untracked 
|  42|0x00000000e2a00000, 0x00000000e2a00000, 0x00000000e2b00000|  0%| F|  |TAMS 0x00000000e2a00000| PB 0x00000000e2a00000| Untracked 
|  43|0x00000000e2b00000, 0x00000000e2b00000, 0x00000000e2c00000|  0%| F|  |TAMS 0x00000000e2b00000| PB 0x00000000e2b00000| Untracked 
|  44|0x00000000e2c00000, 0x00000000e2c00000, 0x00000000e2d00000|  0%| F|  |TAMS 0x00000000e2c00000| PB 0x00000000e2c00000| Untracked 
|  45|0x00000000e2d00000, 0x00000000e2d00000, 0x00000000e2e00000|  0%| F|  |TAMS 0x00000000e2d00000| PB 0x00000000e2d00000| Untracked 
|  46|0x00000000e2e00000, 0x00000000e2e00000, 0x00000000e2f00000|  0%| F|  |TAMS 0x00000000e2e00000| PB 0x00000000e2e00000| Untracked 
|  47|0x00000000e2f00000, 0x00000000e2f00000, 0x00000000e3000000|  0%| F|  |TAMS 0x00000000e2f00000| PB 0x00000000e2f00000| Untracked 
|  48|0x00000000e3000000, 0x00000000e3000000, 0x00000000e3100000|  0%| F|  |TAMS 0x00000000e3000000| PB 0x00000000e3000000| Untracked 
|  49|0x00000000e3100000, 0x00000000e3100000, 0x00000000e3200000|  0%| F|  |TAMS 0x00000000e3100000| PB 0x00000000e3100000| Untracked 
|  50|0x00000000e3200000, 0x00000000e3200000, 0x00000000e3300000|  0%| F|  |TAMS 0x00000000e3200000| PB 0x00000000e3200000| Untracked 
|  51|0x00000000e3300000, 0x00000000e3300000, 0x00000000e3400000|  0%| F|  |TAMS 0x00000000e3300000| PB 0x00000000e3300000| Untracked 
|  52|0x00000000e3400000, 0x00000000e3400000, 0x00000000e3500000|  0%| F|  |TAMS 0x00000000e3400000| PB 0x00000000e3400000| Untracked 
|  53|0x00000000e3500000, 0x00000000e3500000, 0x00000000e3600000|  0%| F|  |TAMS 0x00000000e3500000| PB 0x00000000e3500000| Untracked 
|  54|0x00000000e3600000, 0x00000000e3600000, 0x00000000e3700000|  0%| F|  |TAMS 0x00000000e3600000| PB 0x00000000e3600000| Untracked 
|  55|0x00000000e3700000, 0x00000000e3700000, 0x00000000e3800000|  0%| F|  |TAMS 0x00000000e3700000| PB 0x00000000e3700000| Untracked 
|  56|0x00000000e3800000, 0x00000000e3800000, 0x00000000e3900000|  0%| F|  |TAMS 0x00000000e3800000| PB 0x00000000e3800000| Untracked 
|  57|0x00000000e3900000, 0x00000000e3a00000, 0x00000000e3a00000|100%| S|CS|TAMS 0x00000000e3900000| PB 0x00000000e3900000| Complete 
|  58|0x00000000e3a00000, 0x00000000e3b00000, 0x00000000e3b00000|100%| S|CS|TAMS 0x00000000e3a00000| PB 0x00000000e3a00000| Complete 
|  59|0x00000000e3b00000, 0x00000000e3c00000, 0x00000000e3c00000|100%| S|CS|TAMS 0x00000000e3b00000| PB 0x00000000e3b00000| Complete 
|  60|0x00000000e3c00000, 0x00000000e3d00000, 0x00000000e3d00000|100%| S|CS|TAMS 0x00000000e3c00000| PB 0x00000000e3c00000| Complete 
|  61|0x00000000e3d00000, 0x00000000e3e00000, 0x00000000e3e00000|100%| S|CS|TAMS 0x00000000e3d00000| PB 0x00000000e3d00000| Complete 
|  62|0x00000000e3e00000, 0x00000000e3f00000, 0x00000000e3f00000|100%| S|CS|TAMS 0x00000000e3e00000| PB 0x00000000e3e00000| Complete 
|  63|0x00000000e3f00000, 0x00000000e4000000, 0x00000000e4000000|100%| S|CS|TAMS 0x00000000e3f00000| PB 0x00000000e3f00000| Complete 
|  64|0x00000000e4000000, 0x00000000e4100000, 0x00000000e4100000|100%| S|CS|TAMS 0x00000000e4000000| PB 0x00000000e4000000| Complete 
|  65|0x00000000e4100000, 0x00000000e4200000, 0x00000000e4200000|100%| S|CS|TAMS 0x00000000e4100000| PB 0x00000000e4100000| Complete 
|  66|0x00000000e4200000, 0x00000000e4300000, 0x00000000e4300000|100%| S|CS|TAMS 0x00000000e4200000| PB 0x00000000e4200000| Complete 
|  67|0x00000000e4300000, 0x00000000e4300000, 0x00000000e4400000|  0%| F|  |TAMS 0x00000000e4300000| PB 0x00000000e4300000| Untracked 
|  68|0x00000000e4400000, 0x00000000e4400000, 0x00000000e4500000|  0%| F|  |TAMS 0x00000000e4400000| PB 0x00000000e4400000| Untracked 
|  69|0x00000000e4500000, 0x00000000e4500000, 0x00000000e4600000|  0%| F|  |TAMS 0x00000000e4500000| PB 0x00000000e4500000| Untracked 
|  70|0x00000000e4600000, 0x00000000e4600000, 0x00000000e4700000|  0%| F|  |TAMS 0x00000000e4600000| PB 0x00000000e4600000| Untracked 
|  71|0x00000000e4700000, 0x00000000e4700000, 0x00000000e4800000|  0%| F|  |TAMS 0x00000000e4700000| PB 0x00000000e4700000| Untracked 
|  72|0x00000000e4800000, 0x00000000e4800000, 0x00000000e4900000|  0%| F|  |TAMS 0x00000000e4800000| PB 0x00000000e4800000| Untracked 
|  73|0x00000000e4900000, 0x00000000e4900000, 0x00000000e4a00000|  0%| F|  |TAMS 0x00000000e4900000| PB 0x00000000e4900000| Untracked 
|  74|0x00000000e4a00000, 0x00000000e4a00000, 0x00000000e4b00000|  0%| F|  |TAMS 0x00000000e4a00000| PB 0x00000000e4a00000| Untracked 
|  75|0x00000000e4b00000, 0x00000000e4b00000, 0x00000000e4c00000|  0%| F|  |TAMS 0x00000000e4b00000| PB 0x00000000e4b00000| Untracked 
|  76|0x00000000e4c00000, 0x00000000e4c00000, 0x00000000e4d00000|  0%| F|  |TAMS 0x00000000e4c00000| PB 0x00000000e4c00000| Untracked 
|  77|0x00000000e4d00000, 0x00000000e4d00000, 0x00000000e4e00000|  0%| F|  |TAMS 0x00000000e4d00000| PB 0x00000000e4d00000| Untracked 
|  78|0x00000000e4e00000, 0x00000000e4e00000, 0x00000000e4f00000|  0%| F|  |TAMS 0x00000000e4e00000| PB 0x00000000e4e00000| Untracked 
|  79|0x00000000e4f00000, 0x00000000e4f00000, 0x00000000e5000000|  0%| F|  |TAMS 0x00000000e4f00000| PB 0x00000000e4f00000| Untracked 
|  80|0x00000000e5000000, 0x00000000e5000000, 0x00000000e5100000|  0%| F|  |TAMS 0x00000000e5000000| PB 0x00000000e5000000| Untracked 
|  81|0x00000000e5100000, 0x00000000e5100000, 0x00000000e5200000|  0%| F|  |TAMS 0x00000000e5100000| PB 0x00000000e5100000| Untracked 
|  82|0x00000000e5200000, 0x00000000e5200000, 0x00000000e5300000|  0%| F|  |TAMS 0x00000000e5200000| PB 0x00000000e5200000| Untracked 
|  83|0x00000000e5300000, 0x00000000e5300000, 0x00000000e5400000|  0%| F|  |TAMS 0x00000000e5300000| PB 0x00000000e5300000| Untracked 
|  84|0x00000000e5400000, 0x00000000e5400000, 0x00000000e5500000|  0%| F|  |TAMS 0x00000000e5400000| PB 0x00000000e5400000| Untracked 
|  85|0x00000000e5500000, 0x00000000e5500000, 0x00000000e5600000|  0%| F|  |TAMS 0x00000000e5500000| PB 0x00000000e5500000| Untracked 
|  86|0x00000000e5600000, 0x00000000e5600000, 0x00000000e5700000|  0%| F|  |TAMS 0x00000000e5600000| PB 0x00000000e5600000| Untracked 
|  87|0x00000000e5700000, 0x00000000e5700000, 0x00000000e5800000|  0%| F|  |TAMS 0x00000000e5700000| PB 0x00000000e5700000| Untracked 
|  88|0x00000000e5800000, 0x00000000e5800000, 0x00000000e5900000|  0%| F|  |TAMS 0x00000000e5800000| PB 0x00000000e5800000| Untracked 
|  89|0x00000000e5900000, 0x00000000e5900000, 0x00000000e5a00000|  0%| F|  |TAMS 0x00000000e5900000| PB 0x00000000e5900000| Untracked 
|  90|0x00000000e5a00000, 0x00000000e5a00000, 0x00000000e5b00000|  0%| F|  |TAMS 0x00000000e5a00000| PB 0x00000000e5a00000| Untracked 
|  91|0x00000000e5b00000, 0x00000000e5b00000, 0x00000000e5c00000|  0%| F|  |TAMS 0x00000000e5b00000| PB 0x00000000e5b00000| Untracked 
|  92|0x00000000e5c00000, 0x00000000e5c00000, 0x00000000e5d00000|  0%| F|  |TAMS 0x00000000e5c00000| PB 0x00000000e5c00000| Untracked 
|  93|0x00000000e5d00000, 0x00000000e5d00000, 0x00000000e5e00000|  0%| F|  |TAMS 0x00000000e5d00000| PB 0x00000000e5d00000| Untracked 
|  94|0x00000000e5e00000, 0x00000000e5e00000, 0x00000000e5f00000|  0%| F|  |TAMS 0x00000000e5e00000| PB 0x00000000e5e00000| Untracked 
|  95|0x00000000e5f00000, 0x00000000e5f00000, 0x00000000e6000000|  0%| F|  |TAMS 0x00000000e5f00000| PB 0x00000000e5f00000| Untracked 
|  96|0x00000000e6000000, 0x00000000e6000000, 0x00000000e6100000|  0%| F|  |TAMS 0x00000000e6000000| PB 0x00000000e6000000| Untracked 
|  97|0x00000000e6100000, 0x00000000e6100000, 0x00000000e6200000|  0%| F|  |TAMS 0x00000000e6100000| PB 0x00000000e6100000| Untracked 
|  98|0x00000000e6200000, 0x00000000e6200000, 0x00000000e6300000|  0%| F|  |TAMS 0x00000000e6200000| PB 0x00000000e6200000| Untracked 
|  99|0x00000000e6300000, 0x00000000e6300000, 0x00000000e6400000|  0%| F|  |TAMS 0x00000000e6300000| PB 0x00000000e6300000| Untracked 
| 100|0x00000000e6400000, 0x00000000e6400000, 0x00000000e6500000|  0%| F|  |TAMS 0x00000000e6400000| PB 0x00000000e6400000| Untracked 
| 101|0x00000000e6500000, 0x00000000e6500000, 0x00000000e6600000|  0%| F|  |TAMS 0x00000000e6500000| PB 0x00000000e6500000| Untracked 
| 102|0x00000000e6600000, 0x00000000e6600000, 0x00000000e6700000|  0%| F|  |TAMS 0x00000000e6600000| PB 0x00000000e6600000| Untracked 
| 103|0x00000000e6700000, 0x00000000e6700000, 0x00000000e6800000|  0%| F|  |TAMS 0x00000000e6700000| PB 0x00000000e6700000| Untracked 
| 104|0x00000000e6800000, 0x00000000e6800000, 0x00000000e6900000|  0%| F|  |TAMS 0x00000000e6800000| PB 0x00000000e6800000| Untracked 
| 105|0x00000000e6900000, 0x00000000e69eaba8, 0x00000000e6a00000| 91%| E|  |TAMS 0x00000000e6900000| PB 0x00000000e6900000| Complete 
| 106|0x00000000e6a00000, 0x00000000e6b00000, 0x00000000e6b00000|100%| E|CS|TAMS 0x00000000e6a00000| PB 0x00000000e6a00000| Complete 
| 107|0x00000000e6b00000, 0x00000000e6c00000, 0x00000000e6c00000|100%| E|CS|TAMS 0x00000000e6b00000| PB 0x00000000e6b00000| Complete 
| 108|0x00000000e6c00000, 0x00000000e6d00000, 0x00000000e6d00000|100%| E|CS|TAMS 0x00000000e6c00000| PB 0x00000000e6c00000| Complete 
| 109|0x00000000e6d00000, 0x00000000e6e00000, 0x00000000e6e00000|100%| E|CS|TAMS 0x00000000e6d00000| PB 0x00000000e6d00000| Complete 
| 110|0x00000000e6e00000, 0x00000000e6f00000, 0x00000000e6f00000|100%| E|CS|TAMS 0x00000000e6e00000| PB 0x00000000e6e00000| Complete 
| 111|0x00000000e6f00000, 0x00000000e7000000, 0x00000000e7000000|100%| E|CS|TAMS 0x00000000e6f00000| PB 0x00000000e6f00000| Complete 
| 112|0x00000000e7000000, 0x00000000e7100000, 0x00000000e7100000|100%| E|CS|TAMS 0x00000000e7000000| PB 0x00000000e7000000| Complete 
| 113|0x00000000e7100000, 0x00000000e7200000, 0x00000000e7200000|100%| E|CS|TAMS 0x00000000e7100000| PB 0x00000000e7100000| Complete 
| 114|0x00000000e7200000, 0x00000000e7300000, 0x00000000e7300000|100%| E|CS|TAMS 0x00000000e7200000| PB 0x00000000e7200000| Complete 
| 115|0x00000000e7300000, 0x00000000e7400000, 0x00000000e7400000|100%| E|CS|TAMS 0x00000000e7300000| PB 0x00000000e7300000| Complete 
| 116|0x00000000e7400000, 0x00000000e7500000, 0x00000000e7500000|100%| E|CS|TAMS 0x00000000e7400000| PB 0x00000000e7400000| Complete 
| 117|0x00000000e7500000, 0x00000000e7600000, 0x00000000e7600000|100%| E|CS|TAMS 0x00000000e7500000| PB 0x00000000e7500000| Complete 
| 118|0x00000000e7600000, 0x00000000e7700000, 0x00000000e7700000|100%| E|  |TAMS 0x00000000e7600000| PB 0x00000000e7600000| Complete 
| 119|0x00000000e7700000, 0x00000000e7800000, 0x00000000e7800000|100%| E|CS|TAMS 0x00000000e7700000| PB 0x00000000e7700000| Complete 
| 120|0x00000000e7800000, 0x00000000e7900000, 0x00000000e7900000|100%| E|CS|TAMS 0x00000000e7800000| PB 0x00000000e7800000| Complete 
| 121|0x00000000e7900000, 0x00000000e7a00000, 0x00000000e7a00000|100%| E|CS|TAMS 0x00000000e7900000| PB 0x00000000e7900000| Complete 
| 122|0x00000000e7a00000, 0x00000000e7b00000, 0x00000000e7b00000|100%| E|CS|TAMS 0x00000000e7a00000| PB 0x00000000e7a00000| Complete 
| 123|0x00000000e7b00000, 0x00000000e7c00000, 0x00000000e7c00000|100%| E|CS|TAMS 0x00000000e7b00000| PB 0x00000000e7b00000| Complete 
| 124|0x00000000e7c00000, 0x00000000e7d00000, 0x00000000e7d00000|100%| E|CS|TAMS 0x00000000e7c00000| PB 0x00000000e7c00000| Complete 
| 125|0x00000000e7d00000, 0x00000000e7e00000, 0x00000000e7e00000|100%| E|CS|TAMS 0x00000000e7d00000| PB 0x00000000e7d00000| Complete 
| 126|0x00000000e7e00000, 0x00000000e7f00000, 0x00000000e7f00000|100%| E|CS|TAMS 0x00000000e7e00000| PB 0x00000000e7e00000| Complete 
| 127|0x00000000e7f00000, 0x00000000e8000000, 0x00000000e8000000|100%| E|CS|TAMS 0x00000000e7f00000| PB 0x00000000e7f00000| Complete 

Card table byte_map: [0x00000209abb80000,0x00000209abc80000] _byte_map_base: 0x00000209ab480000

Marking Bits: (CMBitMap*) 0x0000020999a47110
 Bits: [0x00000209abc80000, 0x00000209ac480000)

Polling page: 0x0000020997610000

Metaspace:

Usage:
  Non-class:     21.92 MB used.
      Class:      3.12 MB used.
       Both:     25.03 MB used.

Virtual space:
  Non-class space:       64.00 MB reserved,      22.12 MB ( 35%) committed,  1 nodes.
      Class space:        1.00 GB reserved,       3.31 MB ( <1%) committed,  1 nodes.
             Both:        1.06 GB reserved,      25.44 MB (  2%) committed. 

Chunk freelists:
   Non-Class:  9.44 MB
       Class:  12.69 MB
        Both:  22.13 MB

MaxMetaspaceSize: unlimited
CompressedClassSpaceSize: 1.00 GB
Initial GC threshold: 21.00 MB
Current GC threshold: 35.12 MB
CDS: off
 - commit_granule_bytes: 65536.
 - commit_granule_words: 8192.
 - virtual_space_node_default_size: 8388608.
 - enlarge_chunks_in_place: 1.
 - use_allocation_guard: 0.


Internal statistics:

num_allocs_failed_limit: 3.
num_arena_births: 516.
num_arena_deaths: 0.
num_vsnodes_births: 2.
num_vsnodes_deaths: 0.
num_space_committed: 407.
num_space_uncommitted: 0.
num_chunks_returned_to_freelist: 3.
num_chunks_taken_from_freelist: 1084.
num_chunk_merges: 3.
num_chunk_splits: 692.
num_chunks_enlarged: 472.
num_inconsistent_stats: 0.

CodeHeap 'non-profiled nmethods': size=120000Kb used=1541Kb max_used=1541Kb free=118458Kb
 bounds [0x00000209a4650000, 0x00000209a48c0000, 0x00000209abb80000]
CodeHeap 'profiled nmethods': size=120000Kb used=5974Kb max_used=5974Kb free=114025Kb
 bounds [0x000002099cb80000, 0x000002099d160000, 0x00000209a40b0000]
CodeHeap 'non-nmethods': size=5760Kb used=1362Kb max_used=1387Kb free=4397Kb
 bounds [0x00000209a40b0000, 0x00000209a4320000, 0x00000209a4650000]
CodeCache: size=245760Kb, used=8877Kb, max_used=8902Kb, free=236880Kb
 total_blobs=3480, nmethods=2932, adapters=453, full_count=0
Compilation: enabled, stopped_count=0, restarted_count=0

Compilation events (20 events):
Event: 21.394 Thread 0x00000209aec273f0 nmethod 2893 0x00000209a47cfa10 code [0x00000209a47cfba0, 0x00000209a47cfc68]
Event: 21.394 Thread 0x00000209aec273f0 2894       1       sun.management.MemoryPoolImpl::getName (5 bytes)
Event: 21.394 Thread 0x00000209aec273f0 nmethod 2894 0x00000209a47cfd10 code [0x00000209a47cfea0, 0x00000209a47cff68]
Event: 21.471 Thread 0x00000209aec26950 2895       4       jdk.internal.misc.Unsafe::convEndian (16 bytes)
Event: 21.473 Thread 0x00000209aec26950 nmethod 2895 0x00000209a47d0010 code [0x00000209a47d01a0, 0x00000209a47d0230]
Event: 21.473 Thread 0x00000209aec26950 2896 %     4       java.util.Arrays::fill @ 5 (21 bytes)
Event: 21.489 Thread 0x00000209aec26950 nmethod 2896% 0x00000209a47d0310 code [0x00000209a47d04a0, 0x00000209a47d0710]
Event: 21.489 Thread 0x00000209aec26950 2897   !   4       sun.nio.ch.FileChannelImpl::read (288 bytes)
Event: 21.489 Thread 0x00000209aec273f0 2898       3       java.lang.invoke.LambdaFormEditor$TransformKey::of (49 bytes)
Event: 21.490 Thread 0x00000209aec273f0 nmethod 2898 0x000002099d13b690 code [0x000002099d13b8a0, 0x000002099d13bdd8]
Event: 21.492 Thread 0x00000209aec273f0 2899       3       java.lang.invoke.LambdaFormEditor::bindArgumentL (59 bytes)
Event: 21.492 Thread 0x00000209aec273f0 nmethod 2899 0x000002099d13c010 code [0x000002099d13c1e0, 0x000002099d13c488]
Event: 21.494 Thread 0x00000209aec273f0 2901       3       jdk.internal.org.objectweb.asm.Type::getType (10 bytes)
Event: 21.494 Thread 0x00000209aec273f0 nmethod 2901 0x000002099d13c590 code [0x000002099d13c760, 0x000002099d13c990]
Event: 21.500 Thread 0x00000209aec273f0 2903       3       java.lang.invoke.LambdaFormBuffer::replaceName (124 bytes)
Event: 21.500 Thread 0x00000209aec273f0 nmethod 2903 0x000002099d13cb10 code [0x000002099d13ccc0, 0x000002099d13ce78]
Event: 21.523 Thread 0x00000209aec273f0 2904       3       java.lang.invoke.LambdaFormBuffer::indexOf (25 bytes)
Event: 21.523 Thread 0x00000209aec273f0 nmethod 2904 0x000002099d13cf90 code [0x000002099d13d140, 0x000002099d13d340]
Event: 21.524 Thread 0x00000209aec273f0 2905       3       java.lang.invoke.LambdaFormBuffer::endEdit (313 bytes)
Event: 21.526 Thread 0x00000209aec273f0 nmethod 2905 0x000002099d13d410 code [0x000002099d13d680, 0x000002099d13e3a0]

GC Heap History (8 events):
Event: 2.328 GC heap before
{Heap before GC invocations=0 (full 0):
 garbage-first heap   total 131072K, used 13312K [0x00000000e0000000, 0x0000000100000000)
  region size 1024K, 13 young (13312K), 0 survivors (0K)
 Metaspace       used 7839K, committed 8000K, reserved 1114112K
  class space    used 738K, committed 832K, reserved 1048576K
}
Event: 2.335 GC heap after
{Heap after GC invocations=1 (full 0):
 garbage-first heap   total 131072K, used 1151K [0x00000000e0000000, 0x0000000100000000)
  region size 1024K, 2 young (2048K), 2 survivors (2048K)
 Metaspace       used 7839K, committed 8000K, reserved 1114112K
  class space    used 738K, committed 832K, reserved 1048576K
}
Event: 7.325 GC heap before
{Heap before GC invocations=1 (full 0):
 garbage-first heap   total 131072K, used 29823K [0x00000000e0000000, 0x0000000100000000)
  region size 1024K, 27 young (27648K), 2 survivors (2048K)
 Metaspace       used 9598K, committed 9792K, reserved 1114112K
  class space    used 928K, committed 1024K, reserved 1048576K
}
Event: 7.338 GC heap after
{Heap after GC invocations=2 (full 0):
 garbage-first heap   total 131072K, used 10558K [0x00000000e0000000, 0x0000000100000000)
  region size 1024K, 4 young (4096K), 4 survivors (4096K)
 Metaspace       used 9598K, committed 9792K, reserved 1114112K
  class space    used 928K, committed 1024K, reserved 1048576K
}
Event: 11.692 GC heap before
{Heap before GC invocations=2 (full 0):
 garbage-first heap   total 131072K, used 84286K [0x00000000e0000000, 0x0000000100000000)
  region size 1024K, 76 young (77824K), 4 survivors (4096K)
 Metaspace       used 12589K, committed 12736K, reserved 1114112K
  class space    used 1361K, committed 1408K, reserved 1048576K
}
Event: 11.703 GC heap after
{Heap after GC invocations=3 (full 0):
 garbage-first heap   total 131072K, used 12461K [0x00000000e0000000, 0x0000000100000000)
  region size 1024K, 6 young (6144K), 6 survivors (6144K)
 Metaspace       used 12589K, committed 12736K, reserved 1114112K
  class space    used 1361K, committed 1408K, reserved 1048576K
}
Event: 18.224 GC heap before
{Heap before GC invocations=3 (full 0):
 garbage-first heap   total 131072K, used 74925K [0x00000000e0000000, 0x0000000100000000)
  region size 1024K, 67 young (68608K), 6 survivors (6144K)
 Metaspace       used 21214K, committed 21504K, reserved 1114112K
  class space    used 2517K, committed 2624K, reserved 1048576K
}
Event: 18.250 GC heap after
{Heap after GC invocations=4 (full 0):
 garbage-first heap   total 131072K, used 20775K [0x00000000e0000000, 0x0000000100000000)
  region size 1024K, 10 young (10240K), 10 survivors (10240K)
 Metaspace       used 21214K, committed 21504K, reserved 1114112K
  class space    used 2517K, committed 2624K, reserved 1048576K
}

Dll operation events (3 events):
Event: 0.184 Loaded shared library C:\Program Files\Android\Android Studio\jbr\bin\java.dll
Event: 0.246 Loaded shared library C:\Program Files\Android\Android Studio\jbr\bin\zip.dll
Event: 6.348 Loaded shared library C:\Program Files\Android\Android Studio\jbr\bin\verify.dll

Deoptimization events (20 events):
Event: 18.985 Thread 0x00000209b3a3e920 Uncommon trap: trap_request=0xffffff45 fr.pc=0x00000209a4721ad0 relative=0x00000000000001f0
Event: 18.985 Thread 0x00000209b3a3e920 Uncommon trap: reason=unstable_if action=reinterpret pc=0x00000209a4721ad0 method=java.util.HashMap.getNode(Ljava/lang/Object;)Ljava/util/HashMap$Node; @ 66 c2
Event: 18.985 Thread 0x00000209b3a3e920 DEOPT PACKING pc=0x00000209a4721ad0 sp=0x000000264a8fcb00
Event: 18.985 Thread 0x00000209b3a3e920 DEOPT UNPACKING pc=0x00000209a410429c sp=0x000000264a8fca20 mode 2
Event: 18.985 Thread 0x00000209b3a3e920 Uncommon trap: trap_request=0xffffff45 fr.pc=0x00000209a46d3c28 relative=0x00000000000001c8
Event: 18.985 Thread 0x00000209b3a3e920 Uncommon trap: reason=unstable_if action=reinterpret pc=0x00000209a46d3c28 method=java.util.HashMap.getNode(Ljava/lang/Object;)Ljava/util/HashMap$Node; @ 66 c2
Event: 18.985 Thread 0x00000209b3a3e920 DEOPT PACKING pc=0x00000209a46d3c28 sp=0x000000264a8fcaa0
Event: 18.985 Thread 0x00000209b3a3e920 DEOPT UNPACKING pc=0x00000209a410429c sp=0x000000264a8fca20 mode 2
Event: 19.063 Thread 0x00000209b3a3e920 Uncommon trap: trap_request=0xffffff45 fr.pc=0x00000209a46f0644 relative=0x0000000000000284
Event: 19.063 Thread 0x00000209b3a3e920 Uncommon trap: reason=unstable_if action=reinterpret pc=0x00000209a46f0644 method=java.util.concurrent.ConcurrentHashMap.get(Ljava/lang/Object;)Ljava/lang/Object; @ 76 c2
Event: 19.063 Thread 0x00000209b3a3e920 DEOPT PACKING pc=0x00000209a46f0644 sp=0x000000264a8fbfe0
Event: 19.063 Thread 0x00000209b3a3e920 DEOPT UNPACKING pc=0x00000209a410429c sp=0x000000264a8fbf48 mode 2
Event: 20.018 Thread 0x00000209b3a3e920 Uncommon trap: trap_request=0xffffffde fr.pc=0x00000209a4753394 relative=0x0000000000000334
Event: 20.018 Thread 0x00000209b3a3e920 Uncommon trap: reason=class_check action=maybe_recompile pc=0x00000209a4753394 method=java.util.regex.Pattern$BmpCharPropertyGreedy.match(Ljava/util/regex/Matcher;ILjava/lang/CharSequence;)Z @ 26 c2
Event: 20.018 Thread 0x00000209b3a3e920 DEOPT PACKING pc=0x00000209a4753394 sp=0x000000264a8fc590
Event: 20.018 Thread 0x00000209b3a3e920 DEOPT UNPACKING pc=0x00000209a410429c sp=0x000000264a8fc548 mode 2
Event: 20.018 Thread 0x00000209b3a3e920 Uncommon trap: trap_request=0xffffffde fr.pc=0x00000209a4753394 relative=0x0000000000000334
Event: 20.018 Thread 0x00000209b3a3e920 Uncommon trap: reason=class_check action=maybe_recompile pc=0x00000209a4753394 method=java.util.regex.Pattern$BmpCharPropertyGreedy.match(Ljava/util/regex/Matcher;ILjava/lang/CharSequence;)Z @ 26 c2
Event: 20.018 Thread 0x00000209b3a3e920 DEOPT PACKING pc=0x00000209a4753394 sp=0x000000264a8fc500
Event: 20.018 Thread 0x00000209b3a3e920 DEOPT UNPACKING pc=0x00000209a410429c sp=0x000000264a8fc4b8 mode 2

Classes loaded (20 events):
Event: 19.995 Loading class java/nio/file/attribute/PosixFilePermission
Event: 19.995 Loading class java/nio/file/attribute/PosixFilePermission done
Event: 19.997 Loading class java/nio/file/attribute/PosixFilePermissions
Event: 19.997 Loading class java/nio/file/attribute/PosixFilePermissions done
Event: 19.997 Loading class java/nio/file/attribute/PosixFilePermissions$1
Event: 19.998 Loading class java/nio/file/attribute/PosixFilePermissions$1 done
Event: 20.029 Loading class java/time/temporal/Temporal
Event: 20.030 Loading class java/time/temporal/TemporalAccessor
Event: 20.030 Loading class java/time/temporal/TemporalAccessor done
Event: 20.030 Loading class java/time/temporal/Temporal done
Event: 20.082 Loading class java/util/concurrent/ArrayBlockingQueue
Event: 20.083 Loading class java/util/concurrent/ArrayBlockingQueue done
Event: 20.083 Loading class java/util/concurrent/locks/ReentrantLock$FairSync
Event: 20.083 Loading class java/util/concurrent/locks/ReentrantLock$FairSync done
Event: 20.092 Loading class sun/misc/Unsafe
Event: 20.093 Loading class sun/misc/Unsafe done
Event: 20.109 Loading class java/net/DatagramPacket
Event: 20.110 Loading class java/net/DatagramPacket done
Event: 20.110 Loading class sun/nio/ch/DatagramChannelImpl$DatagramPackets
Event: 20.110 Loading class sun/nio/ch/DatagramChannelImpl$DatagramPackets done

Classes unloaded (0 events):
No events

Classes redefined (0 events):
No events

Internal exceptions (20 events):
Event: 17.805 Thread 0x00000209aeed1040 Exception <a 'java/lang/NoSuchMethodError'{0x00000000e47ec580}: 'long java.lang.invoke.Invokers$Holder.invokeExact_MT(java.lang.Object, java.lang.Object)'> (0x00000000e47ec580) 
thrown [s\src\hotspot\share\interpreter\linkResolver.cpp, line 784]
Event: 17.818 Thread 0x00000209aeed1040 Exception <a 'java/lang/NoSuchMethodError'{0x00000000e460ffc8}: 'void java.lang.invoke.DirectMethodHandle$Holder.invokeSpecial(java.lang.Object, java.lang.Object, java.lang.Object)'> (0x00000000e460ffc8) 
thrown [s\src\hotspot\share\interpreter\linkResolver.cpp, line 784]
Event: 17.835 Thread 0x00000209aeed1040 Exception <a 'java/lang/NoSuchMethodError'{0x00000000e463e060}: static Lorg/gradle/tooling/internal/provider/serialization/ClassLoaderDetails;.<clinit>()V> (0x00000000e463e060) 
thrown [s\src\hotspot\share\prims\jni.cpp, line 1144]
Event: 17.843 Thread 0x00000209aeed1040 Exception <a 'java/lang/NoSuchMethodError'{0x00000000e4658278}: static Lorg/gradle/internal/classloader/ClassLoaderSpec;.<clinit>()V> (0x00000000e4658278) 
thrown [s\src\hotspot\share\prims\jni.cpp, line 1144]
Event: 17.845 Thread 0x00000209aeed1040 Exception <a 'java/lang/NoSuchMethodError'{0x00000000e4661d60}: static Lorg/gradle/tooling/internal/provider/serialization/WellKnownClassLoaderRegistry$KnownClassLoaderSpec;.<clinit>()V> (0x00000000e4661d60) 
thrown [s\src\hotspot\share\prims\jni.cpp, line 1144]
Event: 17.850 Thread 0x00000209aeed1040 Exception <a 'java/lang/NoSuchMethodError'{0x00000000e4678508}: static Lorg/gradle/tooling/internal/provider/serialization/ClientOwnedClassLoaderSpec;.<clinit>()V> (0x00000000e4678508) 
thrown [s\src\hotspot\share\prims\jni.cpp, line 1144]
Event: 17.910 Thread 0x00000209b4e08b40 Exception <a 'sun/nio/fs/WindowsException'{0x00000000e4859778}> (0x00000000e4859778) 
thrown [s\src\hotspot\share\prims\jni.cpp, line 537]
Event: 18.357 Thread 0x00000209b3a3e920 Exception <a 'java/lang/NoSuchMethodError'{0x00000000e7ec7850}: 'long java.lang.invoke.DirectMethodHandle$Holder.invokeInterface(java.lang.Object, java.lang.Object)'> (0x00000000e7ec7850) 
thrown [s\src\hotspot\share\interpreter\linkResolver.cpp, line 784]
Event: 18.768 Thread 0x00000209b3a3e920 Exception <a 'java/lang/NoSuchMethodError'{0x00000000e79807e8}: 'java.lang.Object java.lang.invoke.DirectMethodHandle$Holder.invokeVirtual(java.lang.Object, java.lang.Object, java.lang.Object, java.lang.Object, java.lang.Object, java.lang.Object, java.lang.Object, java.lang.Object, java.lang.Object, java.lang.Object, java.lang.Object, java.lang.Object)'> (0x00000000e79807e8) 
thrown [s\src\hotspot\share\interpreter\linkResolver.cpp, line 784]
Event: 18.769 Thread 0x00000209b3a3e920 Exception <a 'java/lang/NoSuchMethodError'{0x00000000e7985938}: 'java.lang.Object java.lang.invoke.DirectMethodHandle$Holder.invokeSpecial(java.lang.Object, java.lang.Object, java.lang.Object, java.lang.Object, java.lang.Object, java.lang.Object, java.lang.Object, java.lang.Object, java.lang.Object, java.lang.Object, java.lang.Object, java.lang.Object, java.lang.Object)'> (0x00000000e7985938) 
thrown [s\src\hotspot\share\interpreter\linkResolver.cpp, line 784]
Event: 19.013 Thread 0x00000209b3a3e920 Exception <a 'java/lang/NoSuchMethodError'{0x00000000e7733870}: 'java.lang.Object java.lang.invoke.DirectMethodHandle$Holder.newInvokeSpecial(java.lang.Object, java.lang.Object, java.lang.Object, java.lang.Object, java.lang.Object)'> (0x00000000e7733870) 
thrown [s\src\hotspot\share\interpreter\linkResolver.cpp, line 784]
Event: 19.227 Thread 0x00000209b3a3e920 Exception <a 'java/lang/NoSuchMethodError'{0x00000000e75e23b8}: 'java.lang.Object java.lang.invoke.DirectMethodHandle$Holder.newInvokeSpecial(java.lang.Object, java.lang.Object, java.lang.Object, java.lang.Object, java.lang.Object, java.lang.Object)'> (0x00000000e75e23b8) 
thrown [s\src\hotspot\share\interpreter\linkResolver.cpp, line 784]
Event: 19.555 Thread 0x00000209b3a3e920 Exception <a 'java/lang/NoSuchMethodError'{0x00000000e7290d48}: 'void java.lang.invoke.DelegatingMethodHandle$Holder.reinvoke_L(java.lang.Object, java.lang.Object, java.lang.Object, java.lang.Object, java.lang.Object, java.lang.Object, java.lang.Object, java.lang.Object, java.lang.Object, java.lang.Object)'> (0x00000000e7290d48) 
thrown [s\src\hotspot\share\interpreter\linkResolver.cpp, line 784]
Event: 19.557 Thread 0x00000209b3a3e920 Exception <a 'java/lang/NoSuchMethodError'{0x00000000e7298828}: 'java.lang.Object java.lang.invoke.Invokers$Holder.invoker(java.lang.Object, java.lang.Object, java.lang.Object, java.lang.Object, java.lang.Object, java.lang.Object, java.lang.Object, java.lang.Object, java.lang.Object, java.lang.Object)'> (0x00000000e7298828) 
thrown [s\src\hotspot\share\interpreter\linkResolver.cpp, line 784]
Event: 19.899 Thread 0x00000209b3a3e920 Exception <a 'java/lang/NoSuchMethodError'{0x00000000e6e75f88}: 'void java.lang.invoke.DirectMethodHandle$Holder.invokeVirtual(java.lang.Object, java.lang.Object, java.lang.Object, java.lang.Object, java.lang.Object)'> (0x00000000e6e75f88) 
thrown [s\src\hotspot\share\interpreter\linkResolver.cpp, line 784]
Event: 20.005 Thread 0x00000209b3a3e920 Exception <a 'java/lang/NoSuchMethodError'{0x00000000e6c01b98}: 'void java.lang.invoke.DirectMethodHandle$Holder.invokeInterface(java.lang.Object, java.lang.Object)'> (0x00000000e6c01b98) 
thrown [s\src\hotspot\share\interpreter\linkResolver.cpp, line 784]
Event: 20.006 Thread 0x00000209b3a3e920 Exception <a 'java/lang/IncompatibleClassChangeError'{0x00000000e6c05318}: Found class java.lang.Object, but interface was expected> (0x00000000e6c05318) 
thrown [s\src\hotspot\share\interpreter\linkResolver.cpp, line 851]
Event: 20.086 Thread 0x00000209b3a3e920 Exception <a 'java/lang/NoSuchMethodError'{0x00000000e6b2f300}: 'java.lang.Object java.lang.invoke.DirectMethodHandle$Holder.newInvokeSpecial(java.lang.Object, java.lang.Object, int)'> (0x00000000e6b2f300) 
thrown [s\src\hotspot\share\interpreter\linkResolver.cpp, line 784]
Event: 20.105 Thread 0x00000209b3a3e920 Exception <a 'sun/nio/fs/WindowsException'{0x00000000e6bafb98}> (0x00000000e6bafb98) 
thrown [s\src\hotspot\share\prims\jni.cpp, line 537]
Event: 21.493 Thread 0x00000209b3a3e920 Exception <a 'java/lang/NoSuchMethodError'{0x00000000e6a23dc0}: 'java.lang.Object java.lang.invoke.DirectMethodHandle$Holder.invokeVirtual(java.lang.Object, java.lang.Object, java.lang.Object, java.lang.Object, java.lang.Object, java.lang.Object, java.lang.Object, java.lang.Object)'> (0x00000000e6a23dc0) 
thrown [s\src\hotspot\share\interpreter\linkResolver.cpp, line 784]

ZGC Phase Switch (0 events):
No events

VM Operations (20 events):
Event: 16.062 Executing safepoint VM operation: Cleanup
Event: 16.062 Executing safepoint VM operation: Cleanup done
Event: 16.669 Executing non-safepoint VM operation: HandshakeAllThreads (Deoptimize)
Event: 16.669 Executing non-safepoint VM operation: HandshakeAllThreads (Deoptimize) done
Event: 17.664 Executing safepoint VM operation: Cleanup
Event: 17.664 Executing safepoint VM operation: Cleanup done
Event: 18.224 Executing safepoint VM operation: CollectForMetadataAllocation (Metadata GC Threshold)
Event: 18.250 Executing safepoint VM operation: CollectForMetadataAllocation (Metadata GC Threshold) done
Event: 18.264 Executing safepoint VM operation: G1PauseRemark
Event: 18.268 Executing safepoint VM operation: G1PauseRemark done
Event: 18.274 Executing safepoint VM operation: G1PauseCleanup
Event: 18.274 Executing safepoint VM operation: G1PauseCleanup done
Event: 19.285 Executing safepoint VM operation: Cleanup
Event: 19.286 Executing safepoint VM operation: Cleanup done
Event: 19.435 Executing non-safepoint VM operation: HandshakeAllThreads (Deoptimize)
Event: 19.447 Executing non-safepoint VM operation: HandshakeAllThreads (Deoptimize) done
Event: 20.084 Executing non-safepoint VM operation: HandshakeAllThreads (Deoptimize)
Event: 20.084 Executing non-safepoint VM operation: HandshakeAllThreads (Deoptimize) done
Event: 21.086 Executing safepoint VM operation: Cleanup
Event: 21.087 Executing safepoint VM operation: Cleanup done

Memory protections (0 events):
No events

Nmethod flushes (0 events):
No events

Events (20 events):
Event: 1.045 Loaded shared library C:\Program Files\Android\Android Studio\jbr\bin\zip.dll
Event: 1.115 Thread 0x0000020997644ec0 Thread added: 0x00000209aeef3220
Event: 3.239 Loaded shared library C:\Program Files\Android\Android Studio\jbr\bin\jimage.dll
Event: 7.637 Loaded shared library C:\Users\charl\.gradle\native\c067742578af261105cb4f569cf0c3c89f3d7b1fecec35dd04571415982c5e48\windows-amd64\native-platform.dll
Event: 7.774 Loaded shared library C:\Users\charl\.gradle\native\100fb08df4bc3b14c8652ba06237920a3bd2aa13389f12d3474272988ae205f9\windows-amd64\native-platform-file-events.dll
Event: 14.112 Loaded shared library C:\Program Files\Android\Android Studio\jbr\bin\management.dll
Event: 14.124 Loaded shared library C:\Program Files\Android\Android Studio\jbr\bin\management_ext.dll
Event: 14.404 Thread 0x0000020997644ec0 Thread added: 0x00000209b3fe7a70
Event: 15.488 Loaded shared library C:\Program Files\Android\Android Studio\jbr\bin\extnet.dll
Event: 16.013 Thread 0x0000020997644ec0 Thread added: 0x00000209b3ff4770
Event: 16.204 Thread 0x0000020997644ec0 Thread added: 0x00000209b4e014b0
Event: 16.804 Thread 0x00000209b3ff4770 Thread added: 0x00000209b4e08b40
Event: 16.812 Thread 0x00000209b4e08b40 Thread added: 0x00000209aeed1040
Event: 17.882 Thread 0x00000209b4e08b40 Thread added: 0x00000209b3b12550
Event: 17.945 Thread 0x00000209b4e08b40 Thread added: 0x00000209b3a3e920
Event: 18.109 Thread 0x00000209b3a3e920 Thread added: 0x00000209aee0e0f0
Event: 18.125 Thread 0x00000209b3a3e920 Thread added: 0x00000209aee0e780
Event: 18.133 Thread 0x00000209b3a3e920 Thread added: 0x00000209aee0d3d0
Event: 20.084 Thread 0x00000209b3a3e920 Thread added: 0x00000209aee0ee10
Event: 20.109 Thread 0x00000209b3a3e920 Thread added: 0x00000209aee0c020


Dynamic libraries:
0x00007ff6b9bc0000 - 0x00007ff6b9bca000 	C:\Program Files\Android\Android Studio\jbr\bin\java.exe
0x00007ffbc87a0000 - 0x00007ffbc8a08000 	C:\Windows\SYSTEM32\ntdll.dll
0x00007ffbc7510000 - 0x00007ffbc75d9000 	C:\Windows\System32\KERNEL32.DLL
0x00007ffbc5fd0000 - 0x00007ffbc63c1000 	C:\Windows\System32\KERNELBASE.dll
0x00007ffbc5e80000 - 0x00007ffbc5fcb000 	C:\Windows\System32\ucrtbase.dll
0x00007ffbb5dc0000 - 0x00007ffbb5ddb000 	C:\Program Files\Android\Android Studio\jbr\bin\VCRUNTIME140.dll
0x00007ffbb6b30000 - 0x00007ffbb6b48000 	C:\Program Files\Android\Android Studio\jbr\bin\jli.dll
0x00007ffbc6de0000 - 0x00007ffbc6fa6000 	C:\Windows\System32\USER32.dll
0x00007ffbc5280000 - 0x00007ffbc52a7000 	C:\Windows\System32\win32u.dll
0x00007ffbc6540000 - 0x00007ffbc656b000 	C:\Windows\System32\GDI32.dll
0x00007ffbc5d50000 - 0x00007ffbc5e7b000 	C:\Windows\System32\gdi32full.dll
0x00007ffbc5430000 - 0x00007ffbc54d3000 	C:\Windows\System32\msvcp_win.dll
0x00007ffbb4430000 - 0x00007ffbb46c3000 	C:\Windows\WinSxS\amd64_microsoft.windows.common-controls_6595b64144ccf1df_6.0.26100.7824_none_3e0870b2e3345462\COMCTL32.dll
0x00007ffbc7890000 - 0x00007ffbc7939000 	C:\Windows\System32\msvcrt.dll
0x00007ffbc7820000 - 0x00007ffbc7851000 	C:\Windows\System32\IMM32.DLL
0x00007ffbb89f0000 - 0x00007ffbb89fc000 	C:\Program Files\Android\Android Studio\jbr\bin\vcruntime140_1.dll
0x00007ffb91cb0000 - 0x00007ffb91d3d000 	C:\Program Files\Android\Android Studio\jbr\bin\msvcp140.dll
0x00007ffb692d0000 - 0x00007ffb69f66000 	C:\Program Files\Android\Android Studio\jbr\bin\server\jvm.dll
0x00007ffbc6890000 - 0x00007ffbc6944000 	C:\Windows\System32\ADVAPI32.dll
0x00007ffbc83f0000 - 0x00007ffbc8496000 	C:\Windows\System32\sechost.dll
0x00007ffbc6690000 - 0x00007ffbc67a8000 	C:\Windows\System32\RPCRT4.dll
0x00007ffbc7b20000 - 0x00007ffbc7b94000 	C:\Windows\System32\WS2_32.dll
0x00007ffbc4f00000 - 0x00007ffbc4f5e000 	C:\Windows\SYSTEM32\POWRPROF.dll
0x00007ffbb1e30000 - 0x00007ffbb1e65000 	C:\Windows\SYSTEM32\WINMM.dll
0x00007ffbb6e10000 - 0x00007ffbb6e1b000 	C:\Windows\SYSTEM32\VERSION.dll
0x00007ffbc4ee0000 - 0x00007ffbc4ef4000 	C:\Windows\SYSTEM32\UMPDC.dll
0x00007ffbc3e20000 - 0x00007ffbc3e3b000 	C:\Windows\SYSTEM32\kernel.appcore.dll
0x00007ffbb2850000 - 0x00007ffbb285a000 	C:\Program Files\Android\Android Studio\jbr\bin\jimage.dll
0x00007ffbc31f0000 - 0x00007ffbc3432000 	C:\Windows\SYSTEM32\DBGHELP.DLL
0x00007ffbc7180000 - 0x00007ffbc7506000 	C:\Windows\System32\combase.dll
0x00007ffbc67b0000 - 0x00007ffbc6887000 	C:\Windows\System32\OLEAUT32.dll
0x00007ffbafc70000 - 0x00007ffbafcab000 	C:\Windows\SYSTEM32\dbgcore.DLL
0x00007ffbc6490000 - 0x00007ffbc6535000 	C:\Windows\System32\bcryptPrimitives.dll
0x00007ffbb8a80000 - 0x00007ffbb8a8e000 	C:\Program Files\Android\Android Studio\jbr\bin\instrument.dll
0x00007ffbad530000 - 0x00007ffbad550000 	C:\Program Files\Android\Android Studio\jbr\bin\java.dll
0x00007ffbac980000 - 0x00007ffbac998000 	C:\Program Files\Android\Android Studio\jbr\bin\zip.dll
0x00007ffbc7c90000 - 0x00007ffbc83e2000 	C:\Windows\System32\SHELL32.dll
0x00007ffbc5080000 - 0x00007ffbc51ea000 	C:\Windows\System32\wintypes.dll
0x00007ffbc54e0000 - 0x00007ffbc5d43000 	C:\Windows\System32\windows.storage.dll
0x00007ffbc84a0000 - 0x00007ffbc8596000 	C:\Windows\System32\SHCORE.dll
0x00007ffbc7640000 - 0x00007ffbc76a7000 	C:\Windows\System32\shlwapi.dll
0x00007ffbc4fa0000 - 0x00007ffbc4fc9000 	C:\Windows\SYSTEM32\profapi.dll
0x00007ffbb2840000 - 0x00007ffbb2850000 	C:\Program Files\Android\Android Studio\jbr\bin\net.dll
0x00007ffbb5c90000 - 0x00007ffbb5db7000 	C:\Windows\SYSTEM32\WINHTTP.dll
0x00007ffbc4390000 - 0x00007ffbc43fb000 	C:\Windows\system32\mswsock.dll
0x00007ffbac960000 - 0x00007ffbac976000 	C:\Program Files\Android\Android Studio\jbr\bin\nio.dll
0x00007ffbb04c0000 - 0x00007ffbb04d0000 	C:\Program Files\Android\Android Studio\jbr\bin\verify.dll
0x00007ffbb16e0000 - 0x00007ffbb1707000 	C:\Users\charl\.gradle\native\c067742578af261105cb4f569cf0c3c89f3d7b1fecec35dd04571415982c5e48\windows-amd64\native-platform.dll
0x00007ffb77fd0000 - 0x00007ffb78114000 	C:\Users\charl\.gradle\native\100fb08df4bc3b14c8652ba06237920a3bd2aa13389f12d3474272988ae205f9\windows-amd64\native-platform-file-events.dll
0x00007ffbb0b90000 - 0x00007ffbb0b99000 	C:\Program Files\Android\Android Studio\jbr\bin\management.dll
0x00007ffbb0950000 - 0x00007ffbb095b000 	C:\Program Files\Android\Android Studio\jbr\bin\management_ext.dll
0x00007ffbc6570000 - 0x00007ffbc6578000 	C:\Windows\System32\PSAPI.DLL
0x00007ffbc4660000 - 0x00007ffbc467b000 	C:\Windows\SYSTEM32\CRYPTSP.dll
0x00007ffbc3d80000 - 0x00007ffbc3db9000 	C:\Windows\system32\rsaenh.dll
0x00007ffbc4440000 - 0x00007ffbc446b000 	C:\Windows\SYSTEM32\USERENV.dll
0x00007ffbc4f70000 - 0x00007ffbc4f9a000 	C:\Windows\SYSTEM32\bcrypt.dll
0x00007ffbc4680000 - 0x00007ffbc468c000 	C:\Windows\SYSTEM32\CRYPTBASE.dll
0x00007ffbc3840000 - 0x00007ffbc3874000 	C:\Windows\SYSTEM32\IPHLPAPI.DLL
0x00007ffbc7880000 - 0x00007ffbc788a000 	C:\Windows\System32\NSI.dll
0x00007ffbb16d0000 - 0x00007ffbb16d9000 	C:\Program Files\Android\Android Studio\jbr\bin\extnet.dll
0x00007ffbb7a90000 - 0x00007ffbb7a98000 	C:\Windows\system32\wshunix.dll

JVMTI agents:
C:\Users\charl\.gradle\wrapper\dists\gradle-8.9-bin\90cnw93cvbtalezasaz0blq0a\gradle-8.9\lib\agents\gradle-instrumentation-agent-8.9.jar path:C:\Program Files\Android\Android Studio\jbr\bin\instrument.dll, loaded, initialized, instrumentlib options:none

dbghelp: loaded successfully - version: 4.0.5 - missing functions: none
symbol engine: initialized successfully - sym options: 0x614 - pdb path: .;C:\Program Files\Android\Android Studio\jbr\bin;C:\Windows\SYSTEM32;C:\Windows\WinSxS\amd64_microsoft.windows.common-controls_6595b64144ccf1df_6.0.26100.7824_none_3e0870b2e3345462;C:\Program Files\Android\Android Studio\jbr\bin\server;C:\Users\charl\.gradle\native\c067742578af261105cb4f569cf0c3c89f3d7b1fecec35dd04571415982c5e48\windows-amd64;C:\Users\charl\.gradle\native\100fb08df4bc3b14c8652ba06237920a3bd2aa13389f12d3474272988ae205f9\windows-amd64

VM Arguments:
jvm_args: --add-opens=java.base/java.util=ALL-UNNAMED --add-opens=java.base/java.lang=ALL-UNNAMED --add-opens=java.base/java.lang.invoke=ALL-UNNAMED --add-opens=java.prefs/java.util.prefs=ALL-UNNAMED --add-exports=jdk.compiler/com.sun.tools.javac.api=ALL-UNNAMED --add-exports=jdk.compiler/com.sun.tools.javac.util=ALL-UNNAMED --add-opens=java.base/java.nio.charset=ALL-UNNAMED --add-opens=java.base/java.net=ALL-UNNAMED --add-opens=java.base/java.util.concurrent.atomic=ALL-UNNAMED -Xmx2048m -Dfile.encoding=UTF-8 -Duser.country=MX -Duser.language=es -Duser.variant -javaagent:C:\Users\charl\.gradle\wrapper\dists\gradle-8.9-bin\90cnw93cvbtalezasaz0blq0a\gradle-8.9\lib\agents\gradle-instrumentation-agent-8.9.jar -Xmx512m -Xms128m 
java_command: org.gradle.launcher.daemon.bootstrap.GradleDaemon 8.9
java_class_path (initial): C:\Users\charl\.gradle\wrapper\dists\gradle-8.9-bin\90cnw93cvbtalezasaz0blq0a\gradle-8.9\lib\gradle-daemon-main-8.9.jar
Launcher Type: SUN_STANDARD

[Global flags]
     intx CICompilerCount                          = 3                                         {product} {ergonomic}
     uint ConcGCThreads                            = 1                                         {product} {ergonomic}
     uint G1ConcRefinementThreads                  = 4                                         {product} {ergonomic}
   size_t G1HeapRegionSize                         = 1048576                                   {product} {ergonomic}
    uintx GCDrainStackTargetSize                   = 64                                        {product} {ergonomic}
   size_t InitialHeapSize                          = 134217728                                 {product} {command line}
   size_t MarkStackSize                            = 4194304                                   {product} {ergonomic}
   size_t MaxHeapSize                              = 536870912                                 {product} {command line}
   size_t MaxNewSize                               = 321912832                                 {product} {ergonomic}
   size_t MinHeapDeltaBytes                        = 1048576                                   {product} {ergonomic}
   size_t MinHeapSize                              = 134217728                                 {product} {command line}
    uintx NonNMethodCodeHeapSize                   = 5832780                                {pd product} {ergonomic}
    uintx NonProfiledCodeHeapSize                  = 122912730                              {pd product} {ergonomic}
    uintx ProfiledCodeHeapSize                     = 122912730                              {pd product} {ergonomic}
    uintx ReservedCodeCacheSize                    = 251658240                              {pd product} {ergonomic}
     bool SegmentedCodeCache                       = true                                      {product} {ergonomic}
   size_t SoftMaxHeapSize                          = 536870912                              {manageable} {ergonomic}
     bool UseCompressedOops                        = true                           {product lp64_product} {ergonomic}
     bool UseG1GC                                  = true                                      {product} {ergonomic}
     bool UseLargePagesIndividualAllocation        = false                                  {pd product} {ergonomic}

Logging:
Log output configuration:
 #0: stdout all=warning uptime,level,tags foldmultilines=false
 #1: stderr all=off uptime,level,tags foldmultilines=false

Release file:
JAVA_VERSION="21.0.10" 
MODULES="java.base java.compiler java.datatransfer java.xml java.prefs java.desktop java.instrument java.logging java.management java.security.sasl java.naming java.rmi java.management.rmi java.net.http java.scripting java.security.jgss java.transaction.xa java.sql java.sql.rowset java.xml.crypto java.se java.smartcardio jdk.accessibility jdk.internal.jvmstat jdk.attach jdk.charsets jdk.internal.opt jdk.zipfs jdk.compiler jdk.crypto.ec jdk.crypto.cryptoki jdk.dynalink jdk.hotspot.agent jdk.httpserver jdk.internal.ed jdk.internal.le jdk.internal.vm.ci jdk.jartool jdk.javadoc jdk.jcmd jdk.jdeps jdk.jdwp.agent jdk.jdi jdk.jfr jdk.jlink jdk.jsobject jdk.localedata jdk.management jdk.management.agent jdk.management.jfr jdk.naming.dns jdk.naming.rmi jdk.net jdk.sctp jdk.security.auth jdk.security.jgss jdk.unsupported jdk.unsupported.desktop jdk.xml.dom" 
IMPLEMENTOR="JetBrains s.r.o." 
JAVA_RUNTIME_VERSION="21.0.10+-14961533-b1163.108" 
LIBC="default" 
OS_ARCH="x86_64" 
OS_NAME="Windows" 
SOURCE=".:git:1351622c2ff2" 

Environment Variables:
_JAVA_OPTIONS=-Xmx512m -Xms128m
PATH=C:\Program Files\Eclipse Adoptium\jdk-25.0.2.10-hotspot\bin;C:\Program Files\Common Files\Oracle\Java\javapath;C:\Windows\system32;C:\Windows;C:\Windows\System32\Wbem;C:\Windows\System32\WindowsPowerShell\v1.0\;C:\Windows\System32\OpenSSH\;C:\Program Files\Git\cmd;C:\Program Files\nodejs\;C:\Program Files\dotnet\;C:\Users\charl\.local\bin;C:\Users\charl\AppData\Local\Microsoft\WindowsApps;C:\Users\charl\AppData\Local\Python\bin;C:\Users\charl\AppData\Local\Programs\Microsoft VS Code\bin;C:\Users\charl\AppData\Local\Microsoft\WinGet\Packages\Google.PlatformTools_Microsoft.Winget.Source_8wekyb3d8bbwe\platform-tools;C:\Users\charl\AppData\Local\Microsoft\WinGet\Links;C:\Users\charl\AppData\Local\Microsoft\WinGet\Packages\yt-dlp.FFmpeg_Microsoft.Winget.Source_8wekyb3d8bbwe\ffmpeg-N-123778-g3b55818764-win64-gpl\bin;C:\Users\charl\AppData\Roaming\npm;C:\Users\charl\.dotnet\tools
USERNAME=charl
TERM=xterm-256color
OS=Windows_NT
PROCESSOR_IDENTIFIER=Intel64 Family 6 Model 142 Stepping 12, GenuineIntel
TMP=C:\Temp
TEMP=C:\Temp




Periodic native trim disabled

JNI global refs:
JNI global refs: 23, weak refs: 0

JNI global refs memory usage: 835, weak refs: 833

Process memory usage:
Resident Set Size: 50672K (2% of 2261236K total physical memory with 352824K free physical memory)

OOME stack traces (most recent first):
Classloader memory used:
Loader bootstrap                                                                       : 16160K
Loader org.gradle.internal.classloader.VisitableURLClassLoader                         : 8514K
Loader org.gradle.initialization.MixInLegacyTypesClassLoader                           : 594K
Loader jdk.internal.loader.ClassLoaders$AppClassLoader                                 : 230K
Loader jdk.internal.loader.ClassLoaders$PlatformClassLoader                            : 170K
Loader jdk.internal.reflect.DelegatingClassLoader                                      : 38272B

Classes loaded by more than one classloader:
Class org.gradle.internal.classloader.FilteringClassLoader                            : loaded 2 times (x 105B)
Class org.gradle.internal.classloader.ClassLoaderHierarchy                            : loaded 2 times (x 70B)
Class org.gradle.api.internal.classpath.ManifestUtil                                  : loaded 2 times (x 71B)
Class org.gradle.internal.classloader.ClassLoaderVisitor                              : loaded 2 times (x 76B)
Class org.gradle.api.internal.classpath.EffectiveClassPath                            : loaded 2 times (x 90B)
Class org.gradle.api.internal.DefaultClassPathProvider                                : loaded 2 times (x 76B)
Class [Lorg.gradle.api.internal.ClassPathProvider;                                    : loaded 2 times (x 69B)
Class org.gradle.api.internal.ClassPathProvider                                       : loaded 2 times (x 70B)
Class org.gradle.internal.service.UnknownServiceException                             : loaded 2 times (x 83B)
Class org.gradle.internal.classpath.TransformedClassPath                              : loaded 2 times (x 96B)
Class org.gradle.internal.service.ServiceLocator                                      : loaded 2 times (x 70B)
Class org.gradle.internal.InternalTransformer                                         : loaded 2 times (x 70B)
Class org.gradle.internal.classloader.ClasspathUtil$1                                 : loaded 2 times (x 76B)
Class org.gradle.api.internal.classpath.DefaultModuleRegistry$DefaultModule           : loaded 2 times (x 86B)
Class org.gradle.api.internal.classpath.Module                                        : loaded 2 times (x 70B)
Class org.gradle.api.internal.classpath.UnknownModuleException                        : loaded 2 times (x 82B)
Class org.gradle.api.internal.DefaultClassPathRegistry                                : loaded 2 times (x 76B)
Class org.gradle.api.internal.ClassPathRegistry                                       : loaded 2 times (x 70B)
Class org.gradle.internal.classpath.DefaultClassPath$ImmutableUniqueList              : loaded 2 times (x 199B)
Class org.gradle.internal.classpath.ClassPath                                         : loaded 2 times (x 70B)
Class org.gradle.api.UncheckedIOException                                             : loaded 2 times (x 82B)
Class org.gradle.internal.installation.GradleInstallation$1                           : loaded 2 times (x 75B)
Class org.gradle.api.internal.classpath.ModuleRegistry                                : loaded 2 times (x 70B)
Class org.gradle.api.internal.classpath.DefaultModuleRegistry                         : loaded 2 times (x 83B)
Class org.gradle.internal.service.ServiceLookupException                              : loaded 2 times (x 82B)
Class org.gradle.internal.classloader.ClassLoaderFactory                              : loaded 2 times (x 70B)
Class org.gradle.internal.service.CachingServiceLocator                               : loaded 2 times (x 82B)
Class org.gradle.internal.classloader.ClasspathUtil                                   : loaded 2 times (x 71B)
Class org.gradle.api.specs.Spec                                                       : loaded 2 times (x 70B)
Class org.gradle.internal.classloader.VisitableURLClassLoader$InstrumentingVisitableURLClassLoader: loaded 2 times (x 123B)
Class org.gradle.internal.classloader.VisitableURLClassLoader$Spec                    : loaded 2 times (x 74B)
Class org.gradle.internal.classpath.DefaultClassPath                                  : loaded 2 times (x 90B)
Class org.gradle.internal.classloader.ClassLoaderSpec                                 : loaded 2 times (x 71B)
Class org.gradle.internal.classloader.VisitableURLClassLoader                         : loaded 2 times (x 117B)
Class org.gradle.internal.Cast                                                        : loaded 2 times (x 71B)
Class org.gradle.api.Action                                                           : loaded 2 times (x 70B)
Class org.gradle.internal.agents.InstrumentingClassLoader                             : loaded 2 times (x 70B)
Class org.gradle.internal.classpath.DefaultClassPath$ImmutableUniqueList$Builder      : loaded 2 times (x 75B)
Class org.gradle.api.GradleException                                                  : loaded 2 times (x 82B)
Class org.gradle.internal.IoActions                                                   : loaded 2 times (x 71B)
Class org.gradle.internal.classloader.SystemClassLoaderSpec                           : loaded 2 times (x 71B)
Class org.gradle.internal.installation.CurrentGradleInstallationLocator               : loaded 2 times (x 71B)
Class org.gradle.internal.service.DefaultServiceLocator                               : loaded 2 times (x 83B)
Class org.gradle.internal.installation.CurrentGradleInstallation                      : loaded 2 times (x 73B)
Class org.gradle.util.internal.GUtil                                                  : loaded 2 times (x 71B)
Class org.gradle.internal.installation.GradleInstallation                             : loaded 2 times (x 75B)

---------------  S Y S T E M  ---------------

OS:
 Windows 11 , 64 bit Build 26100 (10.0.26100.7705)
OS uptime: 0 days 19:56 hours

CPU: total 4 (initial active 4) (2 cores per cpu, 2 threads per core) family 6 model 142 stepping 12 microcode 0xea, cx8, cmov, fxsr, ht, mmx, 3dnowpref, sse, sse2, sse3, ssse3, sse4.1, sse4.2, popcnt, lzcnt, tsc, tscinvbit, aes, erms, clmul, clflush, clflushopt, rdtscp
Processor Information for the first 4 processors :
  Max Mhz: 2304, Current Mhz: 2304, Mhz Limit: 2304

Memory: 4k page, system-wide physical 2208M (344M free)
TotalPageFile size 6624M (AvailPageFile size 1M)
current process WorkingSet (physical memory assigned to process): 51M, peak: 144M
current process commit charge ("private bytes"): 249M, peak: 250M

vm_info: OpenJDK 64-Bit Server VM (21.0.10+-14961533-b1163.108) for windows-amd64 JRE (21.0.10+-14961533-b1163.108), built on 2026-03-02T19:58:50Z by "builder" with MS VC++ 16.10 / 16.11 (VS2019)

END.
